# JRE version: OpenJDK Runtime Environment (8.0_212-b04) (build 1.8.0_212-b04)
# Java VM: OpenJDK 64-Bit Server VM (25.212-b04 mixed mode windows-amd64 compressed oops)
Heap:
 PSYoungGen      total 85504K, used 56133K [0x000000076b780000, 0x0000000772d00000, 0x00000007c0000000)
  eden space 74752K, 60% used [0x000000076b780000,0x000000076e3d5770,0x0000000770080000)
  from space 10752K, 99% used [0x0000000770080000,0x0000000770afc028,0x0000000770b00000)
  to   space 16896K, 0% used [0x0000000771c80000,0x0000000771c80000,0x0000000772d00000)
 ParOldGen       total 274432K, used 38395K [0x00000006c2600000, 0x00000006d3200000, 0x000000076b780000)
  object space 274432K, 13% used [0x00000006c2600000,0x00000006c4b7efe0,0x00000006d3200000)
 Metaspace       used 39231K, capacity 39789K, committed 40064K, reserved 1085440K
  class space    used 4287K, capacity 4444K, committed 4480K, reserved 1048576K
GC Heap History (10 events):
Event: 5.561 GC heap before
{Heap before GC invocations=7 (full 3):
 PSYoungGen      total 75776K, used 65024K [0x000000076b780000, 0x0000000770c00000, 0x00000007c0000000)
  eden space 65024K, 100% used [0x000000076b780000,0x000000076f700000,0x000000076f700000)
  from space 10752K, 0% used [0x000000076f700000,0x000000076f700000,0x0000000770180000)
  to   space 10752K, 0% used [0x0000000770180000,0x0000000770180000,0x0000000770c00000)
 ParOldGen       total 137728K, used 12785K [0x00000006c2600000, 0x00000006cac80000, 0x000000076b780000)
  object space 137728K, 9% used [0x00000006c2600000,0x00000006c327c658,0x00000006cac80000)
 Metaspace       used 31252K, capacity 31499K, committed 31872K, reserved 1077248K
  class space    used 3619K, capacity 3692K, committed 3712K, reserved 1048576K
Event: 5.574 GC heap after
Heap after GC invocations=7 (full 3):
 PSYoungGen      total 75776K, used 8819K [0x000000076b780000, 0x0000000771280000, 0x00000007c0000000)
  eden space 65024K, 0% used [0x000000076b780000,0x000000076b780000,0x000000076f700000)
  from space 10752K, 82% used [0x0000000770180000,0x0000000770a1ce78,0x0000000770c00000)
  to   space 10752K, 0% used [0x000000076f700000,0x000000076f700000,0x0000000770180000)
 ParOldGen       total 137728K, used 29177K [0x00000006c2600000, 0x00000006cac80000, 0x000000076b780000)
  object space 137728K, 21% used [0x00000006c2600000,0x00000006c427e668,0x00000006cac80000)
 Metaspace       used 31252K, capacity 31499K, committed 31872K, reserved 1077248K
  class space    used 3619K, capacity 3692K, committed 3712K, reserved 1048576K
}
Event: 6.077 GC heap before
{Heap before GC invocations=8 (full 3):
 PSYoungGen      total 75776K, used 62399K [0x000000076b780000, 0x0000000771280000, 0x00000007c0000000)
  eden space 65024K, 82% used [0x000000076b780000,0x000000076ebd2e30,0x000000076f700000)
  from space 10752K, 82% used [0x0000000770180000,0x0000000770a1ce78,0x0000000770c00000)
  to   space 10752K, 0% used [0x000000076f700000,0x000000076f700000,0x0000000770180000)
 ParOldGen       total 137728K, used 29177K [0x00000006c2600000, 0x00000006cac80000, 0x000000076b780000)
  object space 137728K, 21% used [0x00000006c2600000,0x00000006c427e668,0x00000006cac80000)
 Metaspace       used 37530K, capacity 37973K, committed 38400K, reserved 1083392K
  class space    used 4192K, capacity 4327K, committed 4352K, reserved 1048576K
Event: 6.082 GC heap after
Heap after GC invocations=8 (full 3):
 PSYoungGen      total 75776K, used 10374K [0x000000076b780000, 0x0000000771580000, 0x00000007c0000000)
  eden space 65024K, 0% used [0x000000076b780000,0x000000076b780000,0x000000076f700000)
  from space 10752K, 96% used [0x000000076f700000,0x0000000770121ab8,0x0000000770180000)
  to   space 10752K, 0% used [0x0000000770b00000,0x0000000770b00000,0x0000000771580000)
 ParOldGen       total 137728K, used 29185K [0x00000006c2600000, 0x00000006cac80000, 0x000000076b780000)
  object space 137728K, 21% used [0x00000006c2600000,0x00000006c4280668,0x00000006cac80000)
 Metaspace       used 37530K, capacity 37973K, committed 38400K, reserved 1083392K
  class space    used 4192K, capacity 4327K, committed 4352K, reserved 1048576K
}
Event: 6.083 GC heap before
{Heap before GC invocations=9 (full 4):
 PSYoungGen      total 75776K, used 10374K [0x000000076b780000, 0x0000000771580000, 0x00000007c0000000)
  eden space 65024K, 0% used [0x000000076b780000,0x000000076b780000,0x000000076f700000)
  from space 10752K, 96% used [0x000000076f700000,0x0000000770121ab8,0x0000000770180000)
  to   space 10752K, 0% used [0x0000000770b00000,0x0000000770b00000,0x0000000771580000)
 ParOldGen       total 137728K, used 29185K [0x00000006c2600000, 0x00000006cac80000, 0x000000076b780000)
  object space 137728K, 21% used [0x00000006c2600000,0x00000006c4280668,0x00000006cac80000)
 Metaspace       used 37530K, capacity 37973K, committed 38400K, reserved 1083392K
  class space    used 4192K, capacity 4327K, committed 4352K, reserved 1048576K
Event: 6.135 GC heap after
Heap after GC invocations=9 (full 4):
 PSYoungGen      total 75776K, used 0K [0x000000076b780000, 0x0000000771580000, 0x00000007c0000000)
  eden space 65024K, 0% used [0x000000076b780000,0x000000076b780000,0x000000076f700000)
  from space 10752K, 0% used [0x000000076f700000,0x000000076f700000,0x0000000770180000)
  to   space 10752K, 0% used [0x0000000770b00000,0x0000000770b00000,0x0000000771580000)
 ParOldGen       total 274432K, used 35760K [0x00000006c2600000, 0x00000006d3200000, 0x000000076b780000)
  object space 274432K, 13% used [0x00000006c2600000,0x00000006c48ec2d0,0x00000006d3200000)
 Metaspace       used 37530K, capacity 37973K, committed 38400K, reserved 1083392K
  class space    used 4192K, capacity 4327K, committed 4352K, reserved 1048576K
}
Event: 13.877 GC heap before
{Heap before GC invocations=10 (full 4):
 PSYoungGen      total 75776K, used 65024K [0x000000076b780000, 0x0000000771580000, 0x00000007c0000000)
  eden space 65024K, 100% used [0x000000076b780000,0x000000076f700000,0x000000076f700000)
  from space 10752K, 0% used [0x000000076f700000,0x000000076f700000,0x0000000770180000)
  to   space 10752K, 0% used [0x0000000770b00000,0x0000000770b00000,0x0000000771580000)
 ParOldGen       total 274432K, used 35760K [0x00000006c2600000, 0x00000006d3200000, 0x000000076b780000)
  object space 274432K, 13% used [0x00000006c2600000,0x00000006c48ec2d0,0x00000006d3200000)
 Metaspace       used 38910K, capacity 39453K, committed 39808K, reserved 1085440K
  class space    used 4259K, capacity 4404K, committed 4480K, reserved 1048576K
Event: 13.879 GC heap after
Heap after GC invocations=10 (full 4):
 PSYoungGen      total 85504K, used 2978K [0x000000076b780000, 0x0000000771600000, 0x00000007c0000000)
  eden space 74752K, 0% used [0x000000076b780000,0x000000076b780000,0x0000000770080000)
  from space 10752K, 27% used [0x0000000770b00000,0x0000000770de8b80,0x0000000771580000)
  to   space 10752K, 0% used [0x0000000770080000,0x0000000770080000,0x0000000770b00000)
 ParOldGen       total 274432K, used 35768K [0x00000006c2600000, 0x00000006d3200000, 0x000000076b780000)
  object space 274432K, 13% used [0x00000006c2600000,0x00000006c48ee2d0,0x00000006d3200000)
 Metaspace       used 38910K, capacity 39453K, committed 39808K, reserved 1085440K
  class space    used 4259K, capacity 4404K, committed 4480K, reserved 1048576K
}
Event: 14.769 GC heap before
{Heap before GC invocations=11 (full 4):
 PSYoungGen      total 85504K, used 77730K [0x000000076b780000, 0x0000000771600000, 0x00000007c0000000)
  eden space 74752K, 100% used [0x000000076b780000,0x0000000770080000,0x0000000770080000)
  from space 10752K, 27% used [0x0000000770b00000,0x0000000770de8b80,0x0000000771580000)
  to   space 10752K, 0% used [0x0000000770080000,0x0000000770080000,0x0000000770b00000)
 ParOldGen       total 274432K, used 35768K [0x00000006c2600000, 0x00000006d3200000, 0x000000076b780000)
  object space 274432K, 13% used [0x00000006c2600000,0x00000006c48ee2d0,0x00000006d3200000)
 Metaspace       used 39033K, capacity 39523K, committed 40064K, reserved 1085440K
  class space    used 4263K, capacity 4405K, committed 4480K, reserved 1048576K
Event: 14.773 GC heap after
Heap after GC invocations=11 (full 4):
 PSYoungGen      total 85504K, used 10736K [0x000000076b780000, 0x0000000772d00000, 0x00000007c0000000)
  eden space 74752K, 0% used [0x000000076b780000,0x000000076b780000,0x0000000770080000)
  from space 10752K, 99% used [0x0000000770080000,0x0000000770afc028,0x0000000770b00000)
  to   space 16896K, 0% used [0x0000000771c80000,0x0000000771c80000,0x0000000772d00000)
 ParOldGen       total 274432K, used 38395K [0x00000006c2600000, 0x00000006d3200000, 0x000000076b780000)
  object space 274432K, 13% used [0x00000006c2600000,0x00000006c4b7efe0,0x00000006d3200000)
 Metaspace       used 39033K, capacity 39523K, committed 40064K, reserved 1085440K
  class space    used 4263K, capacity 4405K, committed 4480K, reserved 1048576K
}

