# JRE version: OpenJDK Runtime Environment (8.0_212-b04) (build 1.8.0_212-b04)
# Java VM: OpenJDK 64-Bit Server VM (25.212-b04 mixed mode windows-amd64 compressed oops)
Heap:
 PSYoungGen      total 87040K, used 62093K [0x000000076b780000, 0x0000000773080000, 0x00000007c0000000)
  eden space 76288K, 67% used [0x000000076b780000,0x000000076e9a4270,0x0000000770200000)
  from space 10752K, 99% used [0x0000000770200000,0x0000000770c7f190,0x0000000770c80000)
  to   space 17408K, 0% used [0x0000000771f80000,0x0000000771f80000,0x0000000773080000)
 ParOldGen       total 269824K, used 38359K [0x00000006c2600000, 0x00000006d2d80000, 0x000000076b780000)
  object space 269824K, 14% used [0x00000006c2600000,0x00000006c4b75e40,0x00000006d2d80000)
 Metaspace       used 39364K, capacity 39925K, committed 40320K, reserved 1085440K
  class space    used 4308K, capacity 4444K, committed 4480K, reserved 1048576K
GC Heap History (10 events):
Event: 4.623 GC heap before
{Heap before GC invocations=7 (full 3):
 PSYoungGen      total 75776K, used 65024K [0x000000076b780000, 0x0000000770c00000, 0x00000007c0000000)
  eden space 65024K, 100% used [0x000000076b780000,0x000000076f700000,0x000000076f700000)
  from space 10752K, 0% used [0x000000076f700000,0x000000076f700000,0x0000000770180000)
  to   space 10752K, 0% used [0x0000000770180000,0x0000000770180000,0x0000000770c00000)
 ParOldGen       total 136704K, used 12774K [0x00000006c2600000, 0x00000006cab80000, 0x000000076b780000)
  object space 136704K, 9% used [0x00000006c2600000,0x00000006c3279880,0x00000006cab80000)
 Metaspace       used 31459K, capacity 31755K, committed 32256K, reserved 1077248K
  class space    used 3646K, capacity 3756K, committed 3840K, reserved 1048576K
Event: 4.636 GC heap after
Heap after GC invocations=7 (full 3):
 PSYoungGen      total 75776K, used 8901K [0x000000076b780000, 0x0000000771500000, 0x00000007c0000000)
  eden space 65024K, 0% used [0x000000076b780000,0x000000076b780000,0x000000076f700000)
  from space 10752K, 82% used [0x0000000770180000,0x0000000770a31748,0x0000000770c00000)
  to   space 10752K, 0% used [0x000000076f700000,0x000000076f700000,0x0000000770180000)
 ParOldGen       total 136704K, used 29166K [0x00000006c2600000, 0x00000006cab80000, 0x000000076b780000)
  object space 136704K, 21% used [0x00000006c2600000,0x00000006c427b890,0x00000006cab80000)
 Metaspace       used 31459K, capacity 31755K, committed 32256K, reserved 1077248K
  class space    used 3646K, capacity 3756K, committed 3840K, reserved 1048576K
}
Event: 5.153 GC heap before
{Heap before GC invocations=8 (full 3):
 PSYoungGen      total 75776K, used 62246K [0x000000076b780000, 0x0000000771500000, 0x00000007c0000000)
  eden space 65024K, 82% used [0x000000076b780000,0x000000076eb98230,0x000000076f700000)
  from space 10752K, 82% used [0x0000000770180000,0x0000000770a31748,0x0000000770c00000)
  to   space 10752K, 0% used [0x000000076f700000,0x000000076f700000,0x0000000770180000)
 ParOldGen       total 136704K, used 29166K [0x00000006c2600000, 0x00000006cab80000, 0x000000076b780000)
  object space 136704K, 21% used [0x00000006c2600000,0x00000006c427b890,0x00000006cab80000)
 Metaspace       used 37532K, capacity 38037K, committed 38400K, reserved 1083392K
  class space    used 4192K, capacity 4327K, committed 4352K, reserved 1048576K
Event: 5.158 GC heap after
Heap after GC invocations=8 (full 3):
 PSYoungGen      total 75776K, used 10426K [0x000000076b780000, 0x0000000771700000, 0x00000007c0000000)
  eden space 65024K, 0% used [0x000000076b780000,0x000000076b780000,0x000000076f700000)
  from space 10752K, 96% used [0x000000076f700000,0x000000077012e998,0x0000000770180000)
  to   space 10752K, 0% used [0x0000000770c80000,0x0000000770c80000,0x0000000771700000)
 ParOldGen       total 136704K, used 29174K [0x00000006c2600000, 0x00000006cab80000, 0x000000076b780000)
  object space 136704K, 21% used [0x00000006c2600000,0x00000006c427d890,0x00000006cab80000)
 Metaspace       used 37532K, capacity 38037K, committed 38400K, reserved 1083392K
  class space    used 4192K, capacity 4327K, committed 4352K, reserved 1048576K
}
Event: 5.159 GC heap before
{Heap before GC invocations=9 (full 4):
 PSYoungGen      total 75776K, used 10426K [0x000000076b780000, 0x0000000771700000, 0x00000007c0000000)
  eden space 65024K, 0% used [0x000000076b780000,0x000000076b780000,0x000000076f700000)
  from space 10752K, 96% used [0x000000076f700000,0x000000077012e998,0x0000000770180000)
  to   space 10752K, 0% used [0x0000000770c80000,0x0000000770c80000,0x0000000771700000)
 ParOldGen       total 136704K, used 29174K [0x00000006c2600000, 0x00000006cab80000, 0x000000076b780000)
  object space 136704K, 21% used [0x00000006c2600000,0x00000006c427d890,0x00000006cab80000)
 Metaspace       used 37532K, capacity 38037K, committed 38400K, reserved 1083392K
  class space    used 4192K, capacity 4327K, committed 4352K, reserved 1048576K
Event: 5.206 GC heap after
Heap after GC invocations=9 (full 4):
 PSYoungGen      total 75776K, used 0K [0x000000076b780000, 0x0000000771700000, 0x00000007c0000000)
  eden space 65024K, 0% used [0x000000076b780000,0x000000076b780000,0x000000076f700000)
  from space 10752K, 0% used [0x000000076f700000,0x000000076f700000,0x0000000770180000)
  to   space 10752K, 0% used [0x0000000770c80000,0x0000000770c80000,0x0000000771700000)
 ParOldGen       total 269824K, used 35754K [0x00000006c2600000, 0x00000006d2d80000, 0x000000076b780000)
  object space 269824K, 13% used [0x00000006c2600000,0x00000006c48eab08,0x00000006d2d80000)
 Metaspace       used 37532K, capacity 38037K, committed 38400K, reserved 1083392K
  class space    used 4192K, capacity 4327K, committed 4352K, reserved 1048576K
}
Event: 17.295 GC heap before
{Heap before GC invocations=10 (full 4):
 PSYoungGen      total 75776K, used 65024K [0x000000076b780000, 0x0000000771700000, 0x00000007c0000000)
  eden space 65024K, 100% used [0x000000076b780000,0x000000076f700000,0x000000076f700000)
  from space 10752K, 0% used [0x000000076f700000,0x000000076f700000,0x0000000770180000)
  to   space 10752K, 0% used [0x0000000770c80000,0x0000000770c80000,0x0000000771700000)
 ParOldGen       total 269824K, used 35754K [0x00000006c2600000, 0x00000006d2d80000, 0x000000076b780000)
  object space 269824K, 13% used [0x00000006c2600000,0x00000006c48eab08,0x00000006d2d80000)
 Metaspace       used 39014K, capacity 39557K, committed 40064K, reserved 1085440K
  class space    used 4280K, capacity 4436K, committed 4480K, reserved 1048576K
Event: 17.297 GC heap after
Heap after GC invocations=10 (full 4):
 PSYoungGen      total 87040K, used 2678K [0x000000076b780000, 0x0000000771700000, 0x00000007c0000000)
  eden space 76288K, 0% used [0x000000076b780000,0x000000076b780000,0x0000000770200000)
  from space 10752K, 24% used [0x0000000770c80000,0x0000000770f1da38,0x0000000771700000)
  to   space 10752K, 0% used [0x0000000770200000,0x0000000770200000,0x0000000770c80000)
 ParOldGen       total 269824K, used 35762K [0x00000006c2600000, 0x00000006d2d80000, 0x000000076b780000)
  object space 269824K, 13% used [0x00000006c2600000,0x00000006c48ecb08,0x00000006d2d80000)
 Metaspace       used 39014K, capacity 39557K, committed 40064K, reserved 1085440K
  class space    used 4280K, capacity 4436K, committed 4480K, reserved 1048576K
}
Event: 18.151 GC heap before
{Heap before GC invocations=11 (full 4):
 PSYoungGen      total 87040K, used 78966K [0x000000076b780000, 0x0000000771700000, 0x00000007c0000000)
  eden space 76288K, 100% used [0x000000076b780000,0x0000000770200000,0x0000000770200000)
  from space 10752K, 24% used [0x0000000770c80000,0x0000000770f1da38,0x0000000771700000)
  to   space 10752K, 0% used [0x0000000770200000,0x0000000770200000,0x0000000770c80000)
 ParOldGen       total 269824K, used 35762K [0x00000006c2600000, 0x00000006d2d80000, 0x000000076b780000)
  object space 269824K, 13% used [0x00000006c2600000,0x00000006c48ecb08,0x00000006d2d80000)
 Metaspace       used 39170K, capacity 39691K, committed 40064K, reserved 1085440K
  class space    used 4285K, capacity 4437K, committed 4480K, reserved 1048576K
Event: 18.155 GC heap after
Heap after GC invocations=11 (full 4):
 PSYoungGen      total 87040K, used 10748K [0x000000076b780000, 0x0000000773080000, 0x00000007c0000000)
  eden space 76288K, 0% used [0x000000076b780000,0x000000076b780000,0x0000000770200000)
  from space 10752K, 99% used [0x0000000770200000,0x0000000770c7f190,0x0000000770c80000)
  to   space 17408K, 0% used [0x0000000771f80000,0x0000000771f80000,0x0000000773080000)
 ParOldGen       total 269824K, used 38359K [0x00000006c2600000, 0x00000006d2d80000, 0x000000076b780000)
  object space 269824K, 14% used [0x00000006c2600000,0x00000006c4b75e40,0x00000006d2d80000)
 Metaspace       used 39170K, capacity 39691K, committed 40064K, reserved 1085440K
  class space    used 4285K, capacity 4437K, committed 4480K, reserved 1048576K
}

