# JRE version: OpenJDK Runtime Environment (8.0_212-b04) (build 1.8.0_212-b04)
# Java VM: OpenJDK 64-Bit Server VM (25.212-b04 mixed mode windows-amd64 compressed oops)
Heap:
 PSYoungGen      total 86016K, used 61709K [0x000000076b780000, 0x0000000772e80000, 0x00000007c0000000)
  eden space 75264K, 67% used [0x000000076b780000,0x000000076e946b78,0x0000000770100000)
  from space 10752K, 99% used [0x0000000770100000,0x0000000770b7c898,0x0000000770b80000)
  to   space 17408K, 0% used [0x0000000771d80000,0x0000000771d80000,0x0000000772e80000)
 ParOldGen       total 271360K, used 38520K [0x00000006c2600000, 0x00000006d2f00000, 0x000000076b780000)
  object space 271360K, 14% used [0x00000006c2600000,0x00000006c4b9e038,0x00000006d2f00000)
 Metaspace       used 39350K, capacity 39957K, committed 40320K, reserved 1085440K
  class space    used 4315K, capacity 4476K, committed 4480K, reserved 1048576K
GC Heap History (10 events):
Event: 4.900 GC heap before
{Heap before GC invocations=7 (full 3):
 PSYoungGen      total 75776K, used 65024K [0x000000076b780000, 0x0000000770c00000, 0x00000007c0000000)
  eden space 65024K, 100% used [0x000000076b780000,0x000000076f700000,0x000000076f700000)
  from space 10752K, 0% used [0x000000076f700000,0x000000076f700000,0x0000000770180000)
  to   space 10752K, 0% used [0x0000000770180000,0x0000000770180000,0x0000000770c00000)
 ParOldGen       total 136704K, used 12862K [0x00000006c2600000, 0x00000006cab80000, 0x000000076b780000)
  object space 136704K, 9% used [0x00000006c2600000,0x00000006c328fa10,0x00000006cab80000)
 Metaspace       used 31353K, capacity 31691K, committed 32000K, reserved 1077248K
  class space    used 3629K, capacity 3756K, committed 3840K, reserved 1048576K
Event: 4.913 GC heap after
Heap after GC invocations=7 (full 3):
 PSYoungGen      total 75776K, used 8712K [0x000000076b780000, 0x0000000771380000, 0x00000007c0000000)
  eden space 65024K, 0% used [0x000000076b780000,0x000000076b780000,0x000000076f700000)
  from space 10752K, 81% used [0x0000000770180000,0x0000000770a02128,0x0000000770c00000)
  to   space 10752K, 0% used [0x000000076f700000,0x000000076f700000,0x0000000770180000)
 ParOldGen       total 136704K, used 29254K [0x00000006c2600000, 0x00000006cab80000, 0x000000076b780000)
  object space 136704K, 21% used [0x00000006c2600000,0x00000006c4291a20,0x00000006cab80000)
 Metaspace       used 31353K, capacity 31691K, committed 32000K, reserved 1077248K
  class space    used 3629K, capacity 3756K, committed 3840K, reserved 1048576K
}
Event: 5.425 GC heap before
{Heap before GC invocations=8 (full 3):
 PSYoungGen      total 75776K, used 62085K [0x000000076b780000, 0x0000000771380000, 0x00000007c0000000)
  eden space 65024K, 82% used [0x000000076b780000,0x000000076eb9f5c0,0x000000076f700000)
  from space 10752K, 81% used [0x0000000770180000,0x0000000770a02128,0x0000000770c00000)
  to   space 10752K, 0% used [0x000000076f700000,0x000000076f700000,0x0000000770180000)
 ParOldGen       total 136704K, used 29254K [0x00000006c2600000, 0x00000006cab80000, 0x000000076b780000)
  object space 136704K, 21% used [0x00000006c2600000,0x00000006c4291a20,0x00000006cab80000)
 Metaspace       used 37617K, capacity 38069K, committed 38400K, reserved 1083392K
  class space    used 4206K, capacity 4359K, committed 4480K, reserved 1048576K
Event: 5.430 GC heap after
Heap after GC invocations=8 (full 3):
 PSYoungGen      total 75776K, used 10622K [0x000000076b780000, 0x0000000771600000, 0x00000007c0000000)
  eden space 65024K, 0% used [0x000000076b780000,0x000000076b780000,0x000000076f700000)
  from space 10752K, 98% used [0x000000076f700000,0x000000077015fbe8,0x0000000770180000)
  to   space 10752K, 0% used [0x0000000770b80000,0x0000000770b80000,0x0000000771600000)
 ParOldGen       total 136704K, used 29270K [0x00000006c2600000, 0x00000006cab80000, 0x000000076b780000)
  object space 136704K, 21% used [0x00000006c2600000,0x00000006c4295a20,0x00000006cab80000)
 Metaspace       used 37617K, capacity 38069K, committed 38400K, reserved 1083392K
  class space    used 4206K, capacity 4359K, committed 4480K, reserved 1048576K
}
Event: 5.430 GC heap before
{Heap before GC invocations=9 (full 4):
 PSYoungGen      total 75776K, used 10622K [0x000000076b780000, 0x0000000771600000, 0x00000007c0000000)
  eden space 65024K, 0% used [0x000000076b780000,0x000000076b780000,0x000000076f700000)
  from space 10752K, 98% used [0x000000076f700000,0x000000077015fbe8,0x0000000770180000)
  to   space 10752K, 0% used [0x0000000770b80000,0x0000000770b80000,0x0000000771600000)
 ParOldGen       total 136704K, used 29270K [0x00000006c2600000, 0x00000006cab80000, 0x000000076b780000)
  object space 136704K, 21% used [0x00000006c2600000,0x00000006c4295a20,0x00000006cab80000)
 Metaspace       used 37617K, capacity 38069K, committed 38400K, reserved 1083392K
  class space    used 4206K, capacity 4359K, committed 4480K, reserved 1048576K
Event: 5.481 GC heap after
Heap after GC invocations=9 (full 4):
 PSYoungGen      total 75776K, used 0K [0x000000076b780000, 0x0000000771600000, 0x00000007c0000000)
  eden space 65024K, 0% used [0x000000076b780000,0x000000076b780000,0x000000076f700000)
  from space 10752K, 0% used [0x000000076f700000,0x000000076f700000,0x0000000770180000)
  to   space 10752K, 0% used [0x0000000770b80000,0x0000000770b80000,0x0000000771600000)
 ParOldGen       total 271360K, used 35933K [0x00000006c2600000, 0x00000006d2f00000, 0x000000076b780000)
  object space 271360K, 13% used [0x00000006c2600000,0x00000006c4917560,0x00000006d2f00000)
 Metaspace       used 37617K, capacity 38069K, committed 38400K, reserved 1083392K
  class space    used 4206K, capacity 4359K, committed 4480K, reserved 1048576K
}
Event: 18.119 GC heap before
{Heap before GC invocations=10 (full 4):
 PSYoungGen      total 75776K, used 65024K [0x000000076b780000, 0x0000000771600000, 0x00000007c0000000)
  eden space 65024K, 100% used [0x000000076b780000,0x000000076f700000,0x000000076f700000)
  from space 10752K, 0% used [0x000000076f700000,0x000000076f700000,0x0000000770180000)
  to   space 10752K, 0% used [0x0000000770b80000,0x0000000770b80000,0x0000000771600000)
 ParOldGen       total 271360K, used 35933K [0x00000006c2600000, 0x00000006d2f00000, 0x000000076b780000)
  object space 271360K, 13% used [0x00000006c2600000,0x00000006c4917560,0x00000006d2f00000)
 Metaspace       used 39023K, capacity 39557K, committed 39808K, reserved 1085440K
  class space    used 4288K, capacity 4436K, committed 4480K, reserved 1048576K
Event: 18.123 GC heap after
Heap after GC invocations=10 (full 4):
 PSYoungGen      total 86016K, used 2559K [0x000000076b780000, 0x0000000771680000, 0x00000007c0000000)
  eden space 75264K, 0% used [0x000000076b780000,0x000000076b780000,0x0000000770100000)
  from space 10752K, 23% used [0x0000000770b80000,0x0000000770dffec0,0x0000000771600000)
  to   space 10752K, 0% used [0x0000000770100000,0x0000000770100000,0x0000000770b80000)
 ParOldGen       total 271360K, used 35941K [0x00000006c2600000, 0x00000006d2f00000, 0x000000076b780000)
  object space 271360K, 13% used [0x00000006c2600000,0x00000006c4919560,0x00000006d2f00000)
 Metaspace       used 39023K, capacity 39557K, committed 39808K, reserved 1085440K
  class space    used 4288K, capacity 4436K, committed 4480K, reserved 1048576K
}
Event: 18.991 GC heap before
{Heap before GC invocations=11 (full 4):
 PSYoungGen      total 86016K, used 77823K [0x000000076b780000, 0x0000000771680000, 0x00000007c0000000)
  eden space 75264K, 100% used [0x000000076b780000,0x0000000770100000,0x0000000770100000)
  from space 10752K, 23% used [0x0000000770b80000,0x0000000770dffec0,0x0000000771600000)
  to   space 10752K, 0% used [0x0000000770100000,0x0000000770100000,0x0000000770b80000)
 ParOldGen       total 271360K, used 35941K [0x00000006c2600000, 0x00000006d2f00000, 0x000000076b780000)
  object space 271360K, 13% used [0x00000006c2600000,0x00000006c4919560,0x00000006d2f00000)
 Metaspace       used 39154K, capacity 39627K, committed 40064K, reserved 1085440K
  class space    used 4291K, capacity 4437K, committed 4480K, reserved 1048576K
Event: 18.995 GC heap after
Heap after GC invocations=11 (full 4):
 PSYoungGen      total 86016K, used 10738K [0x000000076b780000, 0x0000000772e80000, 0x00000007c0000000)
  eden space 75264K, 0% used [0x000000076b780000,0x000000076b780000,0x0000000770100000)
  from space 10752K, 99% used [0x0000000770100000,0x0000000770b7c898,0x0000000770b80000)
  to   space 17408K, 0% used [0x0000000771d80000,0x0000000771d80000,0x0000000772e80000)
 ParOldGen       total 271360K, used 38520K [0x00000006c2600000, 0x00000006d2f00000, 0x000000076b780000)
  object space 271360K, 14% used [0x00000006c2600000,0x00000006c4b9e038,0x00000006d2f00000)
 Metaspace       used 39154K, capacity 39627K, committed 40064K, reserved 1085440K
  class space    used 4291K, capacity 4437K, committed 4480K, reserved 1048576K
}

