# JRE version: OpenJDK Runtime Environment (8.0_212-b04) (build 1.8.0_212-b04)
# Java VM: OpenJDK 64-Bit Server VM (25.212-b04 mixed mode windows-amd64 compressed oops)
Heap:
 PSYoungGen      total 86528K, used 59823K [0x000000076b780000, 0x0000000772f00000, 0x00000007c0000000)
  eden space 75776K, 64% used [0x000000076b780000,0x000000076e76d5a0,0x0000000770180000)
  from space 10752K, 99% used [0x0000000770180000,0x0000000770bfe848,0x0000000770c00000)
  to   space 16896K, 0% used [0x0000000771e80000,0x0000000771e80000,0x0000000772f00000)
 ParOldGen       total 270336K, used 38315K [0x00000006c2600000, 0x00000006d2e00000, 0x000000076b780000)
  object space 270336K, 14% used [0x00000006c2600000,0x00000006c4b6ad08,0x00000006d2e00000)
 Metaspace       used 39359K, capacity 39893K, committed 40320K, reserved 1085440K
  class space    used 4317K, capacity 4476K, committed 4480K, reserved 1048576K
GC Heap History (10 events):
Event: 5.024 GC heap before
{Heap before GC invocations=7 (full 3):
 PSYoungGen      total 75776K, used 65024K [0x000000076b780000, 0x0000000770c00000, 0x00000007c0000000)
  eden space 65024K, 100% used [0x000000076b780000,0x000000076f700000,0x000000076f700000)
  from space 10752K, 0% used [0x000000076f700000,0x000000076f700000,0x0000000770180000)
  to   space 10752K, 0% used [0x0000000770180000,0x0000000770180000,0x0000000770c00000)
 ParOldGen       total 137216K, used 12778K [0x00000006c2600000, 0x00000006cac00000, 0x000000076b780000)
  object space 137216K, 9% used [0x00000006c2600000,0x00000006c327aa68,0x00000006cac00000)
 Metaspace       used 31511K, capacity 31819K, committed 32256K, reserved 1077248K
  class space    used 3649K, capacity 3756K, committed 3840K, reserved 1048576K
Event: 5.037 GC heap after
Heap after GC invocations=7 (full 3):
 PSYoungGen      total 75776K, used 8844K [0x000000076b780000, 0x0000000771380000, 0x00000007c0000000)
  eden space 65024K, 0% used [0x000000076b780000,0x000000076b780000,0x000000076f700000)
  from space 10752K, 82% used [0x0000000770180000,0x0000000770a23268,0x0000000770c00000)
  to   space 10752K, 0% used [0x000000076f700000,0x000000076f700000,0x0000000770180000)
 ParOldGen       total 137216K, used 29170K [0x00000006c2600000, 0x00000006cac00000, 0x000000076b780000)
  object space 137216K, 21% used [0x00000006c2600000,0x00000006c427ca78,0x00000006cac00000)
 Metaspace       used 31511K, capacity 31819K, committed 32256K, reserved 1077248K
  class space    used 3649K, capacity 3756K, committed 3840K, reserved 1048576K
}
Event: 5.518 GC heap before
{Heap before GC invocations=8 (full 3):
 PSYoungGen      total 75776K, used 62097K [0x000000076b780000, 0x0000000771380000, 0x00000007c0000000)
  eden space 65024K, 81% used [0x000000076b780000,0x000000076eb81238,0x000000076f700000)
  from space 10752K, 82% used [0x0000000770180000,0x0000000770a23268,0x0000000770c00000)
  to   space 10752K, 0% used [0x000000076f700000,0x000000076f700000,0x0000000770180000)
 ParOldGen       total 137216K, used 29170K [0x00000006c2600000, 0x00000006cac00000, 0x000000076b780000)
  object space 137216K, 21% used [0x00000006c2600000,0x00000006c427ca78,0x00000006cac00000)
 Metaspace       used 37466K, capacity 37909K, committed 38400K, reserved 1083392K
  class space    used 4192K, capacity 4327K, committed 4352K, reserved 1048576K
Event: 5.524 GC heap after
Heap after GC invocations=8 (full 3):
 PSYoungGen      total 75776K, used 10265K [0x000000076b780000, 0x0000000771680000, 0x00000007c0000000)
  eden space 65024K, 0% used [0x000000076b780000,0x000000076b780000,0x000000076f700000)
  from space 10752K, 95% used [0x000000076f700000,0x0000000770106720,0x0000000770180000)
  to   space 10752K, 0% used [0x0000000770c00000,0x0000000770c00000,0x0000000771680000)
 ParOldGen       total 137216K, used 29178K [0x00000006c2600000, 0x00000006cac00000, 0x000000076b780000)
  object space 137216K, 21% used [0x00000006c2600000,0x00000006c427ea78,0x00000006cac00000)
 Metaspace       used 37466K, capacity 37909K, committed 38400K, reserved 1083392K
  class space    used 4192K, capacity 4327K, committed 4352K, reserved 1048576K
}
Event: 5.524 GC heap before
{Heap before GC invocations=9 (full 4):
 PSYoungGen      total 75776K, used 10265K [0x000000076b780000, 0x0000000771680000, 0x00000007c0000000)
  eden space 65024K, 0% used [0x000000076b780000,0x000000076b780000,0x000000076f700000)
  from space 10752K, 95% used [0x000000076f700000,0x0000000770106720,0x0000000770180000)
  to   space 10752K, 0% used [0x0000000770c00000,0x0000000770c00000,0x0000000771680000)
 ParOldGen       total 137216K, used 29178K [0x00000006c2600000, 0x00000006cac00000, 0x000000076b780000)
  object space 137216K, 21% used [0x00000006c2600000,0x00000006c427ea78,0x00000006cac00000)
 Metaspace       used 37466K, capacity 37909K, committed 38400K, reserved 1083392K
  class space    used 4192K, capacity 4327K, committed 4352K, reserved 1048576K
Event: 5.571 GC heap after
Heap after GC invocations=9 (full 4):
 PSYoungGen      total 75776K, used 0K [0x000000076b780000, 0x0000000771680000, 0x00000007c0000000)
  eden space 65024K, 0% used [0x000000076b780000,0x000000076b780000,0x000000076f700000)
  from space 10752K, 0% used [0x000000076f700000,0x000000076f700000,0x0000000770180000)
  to   space 10752K, 0% used [0x0000000770c00000,0x0000000770c00000,0x0000000771680000)
 ParOldGen       total 270336K, used 35630K [0x00000006c2600000, 0x00000006d2e00000, 0x000000076b780000)
  object space 270336K, 13% used [0x00000006c2600000,0x00000006c48cb8d8,0x00000006d2e00000)
 Metaspace       used 37466K, capacity 37909K, committed 38400K, reserved 1083392K
  class space    used 4192K, capacity 4327K, committed 4352K, reserved 1048576K
}
Event: 18.021 GC heap before
{Heap before GC invocations=10 (full 4):
 PSYoungGen      total 75776K, used 65024K [0x000000076b780000, 0x0000000771680000, 0x00000007c0000000)
  eden space 65024K, 100% used [0x000000076b780000,0x000000076f700000,0x000000076f700000)
  from space 10752K, 0% used [0x000000076f700000,0x000000076f700000,0x0000000770180000)
  to   space 10752K, 0% used [0x0000000770c00000,0x0000000770c00000,0x0000000771680000)
 ParOldGen       total 270336K, used 35630K [0x00000006c2600000, 0x00000006d2e00000, 0x000000076b780000)
  object space 270336K, 13% used [0x00000006c2600000,0x00000006c48cb8d8,0x00000006d2e00000)
 Metaspace       used 39034K, capacity 39557K, committed 40064K, reserved 1085440K
  class space    used 4289K, capacity 4436K, committed 4480K, reserved 1048576K
Event: 18.023 GC heap after
Heap after GC invocations=10 (full 4):
 PSYoungGen      total 86528K, used 2786K [0x000000076b780000, 0x0000000771700000, 0x00000007c0000000)
  eden space 75776K, 0% used [0x000000076b780000,0x000000076b780000,0x0000000770180000)
  from space 10752K, 25% used [0x0000000770c00000,0x0000000770eb8a80,0x0000000771680000)
  to   space 10752K, 0% used [0x0000000770180000,0x0000000770180000,0x0000000770c00000)
 ParOldGen       total 270336K, used 35638K [0x00000006c2600000, 0x00000006d2e00000, 0x000000076b780000)
  object space 270336K, 13% used [0x00000006c2600000,0x00000006c48cd8d8,0x00000006d2e00000)
 Metaspace       used 39034K, capacity 39557K, committed 40064K, reserved 1085440K
  class space    used 4289K, capacity 4436K, committed 4480K, reserved 1048576K
}
Event: 18.988 GC heap before
{Heap before GC invocations=11 (full 4):
 PSYoungGen      total 86528K, used 78562K [0x000000076b780000, 0x0000000771700000, 0x00000007c0000000)
  eden space 75776K, 100% used [0x000000076b780000,0x0000000770180000,0x0000000770180000)
  from space 10752K, 25% used [0x0000000770c00000,0x0000000770eb8a80,0x0000000771680000)
  to   space 10752K, 0% used [0x0000000770180000,0x0000000770180000,0x0000000770c00000)
 ParOldGen       total 270336K, used 35638K [0x00000006c2600000, 0x00000006d2e00000, 0x000000076b780000)
  object space 270336K, 13% used [0x00000006c2600000,0x00000006c48cd8d8,0x00000006d2e00000)
 Metaspace       used 39165K, capacity 39691K, committed 40064K, reserved 1085440K
  class space    used 4293K, capacity 4437K, committed 4480K, reserved 1048576K
Event: 18.993 GC heap after
Heap after GC invocations=11 (full 4):
 PSYoungGen      total 86528K, used 10746K [0x000000076b780000, 0x0000000772f00000, 0x00000007c0000000)
  eden space 75776K, 0% used [0x000000076b780000,0x000000076b780000,0x0000000770180000)
  from space 10752K, 99% used [0x0000000770180000,0x0000000770bfe848,0x0000000770c00000)
  to   space 16896K, 0% used [0x0000000771e80000,0x0000000771e80000,0x0000000772f00000)
 ParOldGen       total 270336K, used 38315K [0x00000006c2600000, 0x00000006d2e00000, 0x000000076b780000)
  object space 270336K, 14% used [0x00000006c2600000,0x00000006c4b6ad08,0x00000006d2e00000)
 Metaspace       used 39165K, capacity 39691K, committed 40064K, reserved 1085440K
  class space    used 4293K, capacity 4437K, committed 4480K, reserved 1048576K
}

